c:\users\史金伟\source\the-c-plus-plus-language\qt_first_day1\x64\debug\qt_first_day1.obj
c:\users\史金伟\source\the-c-plus-plus-language\qt_first_day1\x64\debug\main.obj
c:\users\史金伟\source\the-c-plus-plus-language\qt_first_day1\x64\debug\vc142.pdb
c:\users\史金伟\source\the-c-plus-plus-language\qt_first_day1\x64\debug\qrc_qt_first_day1.obj
c:\users\史金伟\source\the-c-plus-plus-language\qt_first_day1\x64\debug\moc_qt_first_day1.obj
c:\users\史金伟\source\the-c-plus-plus-language\qt_first_day1\x64\debug\qt_first_day1.ilk
c:\users\史金伟\source\the-c-plus-plus-language\qt_first_day1\x64\debug\qt_first_day1.exe
c:\users\史金伟\source\the-c-plus-plus-language\qt_first_day1\x64\debug\qt_first_day1.pdb
c:\users\史金伟\source\the-c-plus-plus-language\qt_first_day1\x64\debug\moc\moc_qt_first_day1.cpp
c:\users\史金伟\source\the-c-plus-plus-language\qt_first_day1\x64\debug\uic\ui_qt_first_day1.h
c:\users\史金伟\source\the-c-plus-plus-language\qt_first_day1\x64\debug\rcc\qrc_qt_first_day1.cpp
c:\users\史金伟\source\the-c-plus-plus-language\qt_first_day1\x64\debug\qt_first_day1.tlog\cl.12464.write.1.tlog
c:\users\史金伟\source\the-c-plus-plus-language\qt_first_day1\x64\debug\qt_first_day1.tlog\cl.command.1.tlog
c:\users\史金伟\source\the-c-plus-plus-language\qt_first_day1\x64\debug\qt_first_day1.tlog\cl.read.1.tlog
c:\users\史金伟\source\the-c-plus-plus-language\qt_first_day1\x64\debug\qt_first_day1.tlog\link.command.1.tlog
c:\users\史金伟\source\the-c-plus-plus-language\qt_first_day1\x64\debug\qt_first_day1.tlog\link.read.1.tlog
c:\users\史金伟\source\the-c-plus-plus-language\qt_first_day1\x64\debug\qt_first_day1.tlog\link.write.1.tlog
c:\users\史金伟\source\the-c-plus-plus-language\qt_first_day1\x64\debug\qt_first_day1.tlog\moc.read.1u.tlog
c:\users\史金伟\source\the-c-plus-plus-language\qt_first_day1\x64\debug\qt_first_day1.tlog\moc.write.1u.tlog
c:\users\史金伟\source\the-c-plus-plus-language\qt_first_day1\x64\debug\qt_first_day1.tlog\qt_first_day1.write.1u.tlog
c:\users\史金伟\source\the-c-plus-plus-language\qt_first_day1\x64\debug\qt_first_day1.tlog\rcc.read.1u.tlog
c:\users\史金伟\source\the-c-plus-plus-language\qt_first_day1\x64\debug\qt_first_day1.tlog\rcc.write.1u.tlog
c:\users\史金伟\source\the-c-plus-plus-language\qt_first_day1\x64\debug\qt_first_day1.tlog\uic.read.1u.tlog
c:\users\史金伟\source\the-c-plus-plus-language\qt_first_day1\x64\debug\qt_first_day1.tlog\uic.write.1u.tlog
